<?xml version="1.0" encoding="UTF-8"?>
<testng-results ignored="0" total="1" passed="1" failed="0" skipped="0">
  <reporter-output>
    <line>
      <![CDATA[No of rows are::10]]>
    </line>
    <line>
      <![CDATA[Customer-00000008618---------------Customer-00000008618]]>
    </line>
    <line>
      <![CDATA[Customer-00000008619---------------Customer-00000008619]]>
    </line>
    <line>
      <![CDATA[Customer-00000008620---------------Customer-00000008620]]>
    </line>
    <line>
      <![CDATA[Customer-00000008621---------------Customer-00000008621]]>
    </line>
    <line>
      <![CDATA[Customer-00000008622---------------Customer-00000008622]]>
    </line>
    <line>
      <![CDATA[Customer-00000008623---------------Customer-00000008623]]>
    </line>
    <line>
      <![CDATA[Customer-00000008625---------------Customer-00000008625]]>
    </line>
    <line>
      <![CDATA[Customer-00000008626---------------Customer-00000008626]]>
    </line>
    <line>
      <![CDATA[Customer-00000008627---------------Customer-00000008627]]>
    </line>
    <line>
      <![CDATA[Customer-00000008629---------------Customer-00000008629]]>
    </line>
  </reporter-output>
  <suite started-at="2024-07-17T16:50:29 IST" name="Default suite" finished-at="2024-07-17T16:51:51 IST" duration-ms="81693">
    <groups>
    </groups>
    <test started-at="2024-07-17T16:50:29 IST" name="Default test" finished-at="2024-07-17T16:51:51 IST" duration-ms="81693">
      <class name="Drivenfactory.TestScript">
        <test-method is-config="true" signature="setUp()[pri:0, instance:Drivenfactory.TestScript@6283d8b8]" started-at="2024-07-17T16:50:29 IST" name="setUp" finished-at="2024-07-17T16:50:35 IST" duration-ms="5929" status="PASS">
          <reporter-output>
          </reporter-output>
        </test-method> <!-- setUp -->
        <test-method signature="startTest()[pri:0, instance:Drivenfactory.TestScript@6283d8b8]" started-at="2024-07-17T16:50:35 IST" name="startTest" finished-at="2024-07-17T16:51:50 IST" duration-ms="74810" status="PASS">
          <reporter-output>
            <line>
              <![CDATA[No of rows are::10]]>
            </line>
            <line>
              <![CDATA[Customer-00000008618---------------Customer-00000008618]]>
            </line>
            <line>
              <![CDATA[Customer-00000008619---------------Customer-00000008619]]>
            </line>
            <line>
              <![CDATA[Customer-00000008620---------------Customer-00000008620]]>
            </line>
            <line>
              <![CDATA[Customer-00000008621---------------Customer-00000008621]]>
            </line>
            <line>
              <![CDATA[Customer-00000008622---------------Customer-00000008622]]>
            </line>
            <line>
              <![CDATA[Customer-00000008623---------------Customer-00000008623]]>
            </line>
            <line>
              <![CDATA[Customer-00000008625---------------Customer-00000008625]]>
            </line>
            <line>
              <![CDATA[Customer-00000008626---------------Customer-00000008626]]>
            </line>
            <line>
              <![CDATA[Customer-00000008627---------------Customer-00000008627]]>
            </line>
            <line>
              <![CDATA[Customer-00000008629---------------Customer-00000008629]]>
            </line>
          </reporter-output>
        </test-method> <!-- startTest -->
        <test-method is-config="true" signature="tearDown()[pri:0, instance:Drivenfactory.TestScript@6283d8b8]" started-at="2024-07-17T16:51:50 IST" name="tearDown" finished-at="2024-07-17T16:51:51 IST" duration-ms="912" status="PASS">
          <reporter-output>
          </reporter-output>
        </test-method> <!-- tearDown -->
      </class> <!-- Drivenfactory.TestScript -->
    </test> <!-- Default test -->
  </suite> <!-- Default suite -->
</testng-results>
